Running: C:\Xilinx\14.7\ISE_DS\ISE\bin\nt64\unwrapped\fuse.exe -intstyle ise -incremental -o C:/Users/Renato/Documents/Projeto_um_AC-PAULOALVES.2120722_RENATOPESSEGO.2121922/test_MotherBoard_isim_beh.exe -prj C:/Users/Renato/Documents/Projeto_um_AC-PAULOALVES.2120722_RENATOPESSEGO.2121922/test_MotherBoard_beh.prj work.test_MotherBoard 
ISim P.20131013 (signature 0x7708f090)
Number of CPUs detected in this system: 16
Turning on mult-threading, number of parallel sub-compilation jobs: 32 
Determining compilation order of HDL files
Parsing VHDL file "C:/Users/Renato/Documents/Projeto_um_AC-PAULOALVES.2120722_RENATOPESSEGO.2121922/ROM_Descod.vhd" into library work
Parsing VHDL file "C:/Users/Renato/Documents/Projeto_um_AC-PAULOALVES.2120722_RENATOPESSEGO.2121922/Reg_Flags.vhd" into library work
Parsing VHDL file "C:/Users/Renato/Documents/Projeto_um_AC-PAULOALVES.2120722_RENATOPESSEGO.2121922/Porta_NOR.vhd" into library work
Parsing VHDL file "C:/Users/Renato/Documents/Projeto_um_AC-PAULOALVES.2120722_RENATOPESSEGO.2121922/Peri_Saida.vhd" into library work
Parsing VHDL file "C:/Users/Renato/Documents/Projeto_um_AC-PAULOALVES.2120722_RENATOPESSEGO.2121922/Peri_Entrada.vhd" into library work
Parsing VHDL file "C:/Users/Renato/Documents/Projeto_um_AC-PAULOALVES.2120722_RENATOPESSEGO.2121922/PC.vhd" into library work
Parsing VHDL file "C:/Users/Renato/Documents/Projeto_um_AC-PAULOALVES.2120722_RENATOPESSEGO.2121922/MUX_R.vhd" into library work
Parsing VHDL file "C:/Users/Renato/Documents/Projeto_um_AC-PAULOALVES.2120722_RENATOPESSEGO.2121922/Mux_PC.vhd" into library work
Parsing VHDL file "C:/Users/Renato/Documents/Projeto_um_AC-PAULOALVES.2120722_RENATOPESSEGO.2121922/Banco_Reg.vhd" into library work
Parsing VHDL file "C:/Users/Renato/Documents/Projeto_um_AC-PAULOALVES.2120722_RENATOPESSEGO.2121922/ALU.vhd" into library work
Parsing VHDL file "C:/Users/Renato/Documents/Projeto_um_AC-PAULOALVES.2120722_RENATOPESSEGO.2121922/Processador.vhd" into library work
Parsing VHDL file "C:/Users/Renato/Documents/Projeto_um_AC-PAULOALVES.2120722_RENATOPESSEGO.2121922/Mem_Dados.vhd" into library work
Parsing VHDL file "C:/Users/Renato/Documents/Projeto_um_AC-PAULOALVES.2120722_RENATOPESSEGO.2121922/Memoria_Instr.vhd" into library work
Parsing VHDL file "C:/Users/Renato/Documents/Projeto_um_AC-PAULOALVES.2120722_RENATOPESSEGO.2121922/MotherBoard.vhd" into library work
Parsing VHDL file "C:/Users/Renato/Documents/Projeto_um_AC-PAULOALVES.2120722_RENATOPESSEGO.2121922/test_MotherBoard.vhd" into library work
Starting static elaboration
Completed static elaboration
Compiling package standard
Compiling package std_logic_1164
Compiling package numeric_std
Compiling package std_logic_arith
Compiling package std_logic_signed
Compiling architecture behavioral of entity Peri_Entrada [peri_entrada_default]
Compiling architecture behavioral of entity Peri_Saida [peri_saida_default]
Compiling architecture behavioral of entity ALU [alu_default]
Compiling architecture behavioral of entity Reg_Flags [reg_flags_default]
Compiling architecture behavorial of entity Porta_NOR [porta_nor_default]
Compiling architecture behavioral of entity Mux_PC [mux_pc_default]
Compiling architecture behavioral of entity Banco_Reg [banco_reg_default]
Compiling architecture behavioral of entity MUX_R [mux_r_default]
Compiling architecture behavioral of entity PC [pc_default]
Compiling architecture behavioral of entity ROM_Descod [rom_descod_default]
Compiling architecture struct of entity Processador [processador_default]
Compiling architecture behavioral of entity Mem_Dados [mem_dados_default]
Compiling architecture behavioral of entity Memoria_Instr [memoria_instr_default]
Compiling architecture struct of entity MotherBoard [motherboard_default]
Compiling architecture behavior of entity test_motherboard
Time Resolution for simulation is 1ps.
Waiting for 1 sub-compilation(s) to finish...
Compiled 34 VHDL Units
Built simulation executable C:/Users/Renato/Documents/Projeto_um_AC-PAULOALVES.2120722_RENATOPESSEGO.2121922/test_MotherBoard_isim_beh.exe
Fuse Memory Usage: 37764 KB
Fuse CPU Usage: 499 ms
